# JRE version: Java(TM) SE Runtime Environment (8.0_45-b14) (build 1.8.0_45-b14)
# Java VM: Java HotSpot(TM) 64-Bit Server VM (25.45-b02 mixed mode linux-amd64 compressed oops)
Heap:
 PSYoungGen      total 220160K, used 106071K [0x00000000d7780000, 0x00000000e5f80000, 0x0000000100000000)
  eden space 207872K, 45% used [0x00000000d7780000,0x00000000dd33c5e8,0x00000000e4280000)
  from space 12288K, 98% used [0x00000000e5380000,0x00000000e5f59810,0x00000000e5f80000)
  to   space 14336K, 69% used [0x00000000e4380000,0x00000000e4d49658,0x00000000e5180000)
 ParOldGen       total 52224K, used 11423K [0x0000000086600000, 0x0000000089900000, 0x00000000d7780000)
  object space 52224K, 21% used [0x0000000086600000,0x0000000087127f48,0x0000000089900000)
 Metaspace       used 33514K, capacity 35417K, committed 35496K, reserved 1079296K
  class space    used 4423K, capacity 4763K, committed 4776K, reserved 1048576K
GC Heap History (10 events):
Event: 1.244 GC heap after
Heap after GC invocations=3 (full 0):
 PSYoungGen      total 67584K, used 5104K [0x00000000d7780000, 0x00000000dfb80000, 0x0000000100000000)
  eden space 62464K, 0% used [0x00000000d7780000,0x00000000d7780000,0x00000000db480000)
  from space 5120K, 99% used [0x00000000db480000,0x00000000db97c030,0x00000000db980000)
  to   space 5120K, 0% used [0x00000000df680000,0x00000000df680000,0x00000000dfb80000)
 ParOldGen       total 83456K, used 4452K [0x0000000086600000, 0x000000008b780000, 0x00000000d7780000)
  object space 83456K, 5% used [0x0000000086600000,0x0000000086a590c0,0x000000008b780000)
 Metaspace       used 17187K, capacity 17808K, committed 17920K, reserved 1064960K
  class space    used 2331K, capacity 2488K, committed 2560K, reserved 1048576K
}
Event: 1.451 GC heap before
{Heap before GC invocations=4 (full 0):
 PSYoungGen      total 67584K, used 28817K [0x00000000d7780000, 0x00000000dfb80000, 0x0000000100000000)
  eden space 62464K, 37% used [0x00000000d7780000,0x00000000d8ea8700,0x00000000db480000)
  from space 5120K, 99% used [0x00000000db480000,0x00000000db97c030,0x00000000db980000)
  to   space 5120K, 0% used [0x00000000df680000,0x00000000df680000,0x00000000dfb80000)
 ParOldGen       total 83456K, used 4452K [0x0000000086600000, 0x000000008b780000, 0x00000000d7780000)
  object space 83456K, 5% used [0x0000000086600000,0x0000000086a590c0,0x000000008b780000)
 Metaspace       used 20382K, capacity 21181K, committed 21296K, reserved 1067008K
  class space    used 2739K, capacity 2944K, committed 2944K, reserved 1048576K
Event: 1.463 GC heap after
Heap after GC invocations=4 (full 0):
 PSYoungGen      total 130048K, used 5107K [0x00000000d7780000, 0x00000000dfb80000, 0x0000000100000000)
  eden space 124928K, 0% used [0x00000000d7780000,0x00000000d7780000,0x00000000df180000)
  from space 5120K, 99% used [0x00000000df680000,0x00000000dfb7cea8,0x00000000dfb80000)
  to   space 5120K, 0% used [0x00000000df180000,0x00000000df180000,0x00000000df680000)
 ParOldGen       total 83456K, used 7217K [0x0000000086600000, 0x000000008b780000, 0x00000000d7780000)
  object space 83456K, 8% used [0x0000000086600000,0x0000000086d0c710,0x000000008b780000)
 Metaspace       used 20382K, capacity 21181K, committed 21296K, reserved 1067008K
  class space    used 2739K, capacity 2944K, committed 2944K, reserved 1048576K
}
Event: 1.463 GC heap before
{Heap before GC invocations=5 (full 1):
 PSYoungGen      total 130048K, used 5107K [0x00000000d7780000, 0x00000000dfb80000, 0x0000000100000000)
  eden space 124928K, 0% used [0x00000000d7780000,0x00000000d7780000,0x00000000df180000)
  from space 5120K, 99% used [0x00000000df680000,0x00000000dfb7cea8,0x00000000dfb80000)
  to   space 5120K, 0% used [0x00000000df180000,0x00000000df180000,0x00000000df680000)
 ParOldGen       total 83456K, used 7217K [0x0000000086600000, 0x000000008b780000, 0x00000000d7780000)
  object space 83456K, 8% used [0x0000000086600000,0x0000000086d0c710,0x000000008b780000)
 Metaspace       used 20382K, capacity 21181K, committed 21296K, reserved 1067008K
  class space    used 2739K, capacity 2944K, committed 2944K, reserved 1048576K
Event: 1.503 GC heap after
Heap after GC invocations=5 (full 1):
 PSYoungGen      total 130048K, used 0K [0x00000000d7780000, 0x00000000dfb80000, 0x0000000100000000)
  eden space 124928K, 0% used [0x00000000d7780000,0x00000000d7780000,0x00000000df180000)
  from space 5120K, 0% used [0x00000000df680000,0x00000000df680000,0x00000000dfb80000)
  to   space 5120K, 0% used [0x00000000df180000,0x00000000df180000,0x00000000df680000)
 ParOldGen       total 52224K, used 7639K [0x0000000086600000, 0x0000000089900000, 0x00000000d7780000)
  object space 52224K, 14% used [0x0000000086600000,0x0000000086d75ef0,0x0000000089900000)
 Metaspace       used 20372K, capacity 21163K, committed 21296K, reserved 1067008K
  class space    used 2736K, capacity 2937K, committed 2944K, reserved 1048576K
}
Event: 2.354 GC heap before
{Heap before GC invocations=6 (full 1):
 PSYoungGen      total 130048K, used 124928K [0x00000000d7780000, 0x00000000dfb80000, 0x0000000100000000)
  eden space 124928K, 100% used [0x00000000d7780000,0x00000000df180000,0x00000000df180000)
  from space 5120K, 0% used [0x00000000df680000,0x00000000df680000,0x00000000dfb80000)
  to   space 5120K, 0% used [0x00000000df180000,0x00000000df180000,0x00000000df680000)
 ParOldGen       total 52224K, used 7639K [0x0000000086600000, 0x0000000089900000, 0x00000000d7780000)
  object space 52224K, 14% used [0x0000000086600000,0x0000000086d75ef0,0x0000000089900000)
 Metaspace       used 23486K, capacity 24513K, committed 24704K, reserved 1071104K
  class space    used 3199K, capacity 3430K, committed 3456K, reserved 1048576K
Event: 2.370 GC heap after
Heap after GC invocations=6 (full 1):
 PSYoungGen      total 130048K, used 5115K [0x00000000d7780000, 0x00000000e5f80000, 0x0000000100000000)
  eden space 124928K, 0% used [0x00000000d7780000,0x00000000d7780000,0x00000000df180000)
  from space 5120K, 99% used [0x00000000df180000,0x00000000df67eeb0,0x00000000df680000)
  to   space 12288K, 0% used [0x00000000e5380000,0x00000000e5380000,0x00000000e5f80000)
 ParOldGen       total 52224K, used 11407K [0x0000000086600000, 0x0000000089900000, 0x00000000d7780000)
  object space 52224K, 21% used [0x0000000086600000,0x0000000087123f48,0x0000000089900000)
 Metaspace       used 23486K, capacity 24513K, committed 24704K, reserved 1071104K
  class space    used 3199K, capacity 3430K, committed 3456K, reserved 1048576K
}
Event: 3.404 GC heap before
{Heap before GC invocations=7 (full 1):
 PSYoungGen      total 130048K, used 130043K [0x00000000d7780000, 0x00000000e5f80000, 0x0000000100000000)
  eden space 124928K, 100% used [0x00000000d7780000,0x00000000df180000,0x00000000df180000)
  from space 5120K, 99% used [0x00000000df180000,0x00000000df67eeb0,0x00000000df680000)
  to   space 12288K, 0% used [0x00000000e5380000,0x00000000e5380000,0x00000000e5f80000)
 ParOldGen       total 52224K, used 11407K [0x0000000086600000, 0x0000000089900000, 0x00000000d7780000)
  object space 52224K, 21% used [0x0000000086600000,0x0000000087123f48,0x0000000089900000)
 Metaspace       used 29142K, capacity 31039K, committed 31232K, reserved 1077248K
  class space    used 3997K, capacity 4342K, committed 4352K, reserved 1048576K
Event: 3.423 GC heap after
Heap after GC invocations=7 (full 1):
 PSYoungGen      total 220160K, used 12134K [0x00000000d7780000, 0x00000000e5f80000, 0x0000000100000000)
  eden space 207872K, 0% used [0x00000000d7780000,0x00000000d7780000,0x00000000e4280000)
  from space 12288K, 98% used [0x00000000e5380000,0x00000000e5f59810,0x00000000e5f80000)
  to   space 14336K, 0% used [0x00000000e4380000,0x00000000e4380000,0x00000000e5180000)
 ParOldGen       total 52224K, used 11415K [0x0000000086600000, 0x0000000089900000, 0x00000000d7780000)
  object space 52224K, 21% used [0x0000000086600000,0x0000000087125f48,0x0000000089900000)
 Metaspace       used 29142K, capacity 31039K, committed 31232K, reserved 1077248K
  class space    used 3997K, capacity 4342K, committed 4352K, reserved 1048576K
}
Event: 3.979 GC heap before
{Heap before GC invocations=8 (full 1):
 PSYoungGen      total 220160K, used 106071K [0x00000000d7780000, 0x00000000e5f80000, 0x0000000100000000)
  eden space 207872K, 45% used [0x00000000d7780000,0x00000000dd33c5e8,0x00000000e4280000)
  from space 12288K, 98% used [0x00000000e5380000,0x00000000e5f59810,0x00000000e5f80000)
  to   space 14336K, 0% used [0x00000000e4380000,0x00000000e4380000,0x00000000e5180000)
 ParOldGen       total 52224K, used 11415K [0x0000000086600000, 0x0000000089900000, 0x00000000d7780000)
  object space 52224K, 21% used [0x0000000086600000,0x0000000087125f48,0x0000000089900000)
 Metaspace       used 33514K, capacity 35417K, committed 35496K, reserved 1079296K
  class space    used 4423K, capacity 4763K, committed 4776K, reserved 1048576K

