# JRE version: Java(TM) SE Runtime Environment (8.0_45-b14) (build 1.8.0_45-b14)
# Java VM: Java HotSpot(TM) 64-Bit Server VM (25.45-b02 mixed mode linux-amd64 compressed oops)
Heap:
 PSYoungGen      total 556032K, used 6135K [0x00000000d7780000, 0x00000000fac80000, 0x0000000100000000)
  eden space 535552K, 0% used [0x00000000d7780000,0x00000000d7780000,0x00000000f8280000)
  from space 20480K, 29% used [0x00000000f9880000,0x00000000f9e7dcc8,0x00000000fac80000)
  to   space 21504K, 0% used [0x00000000f8280000,0x00000000f8280000,0x00000000f9780000)
 ParOldGen       total 107520K, used 26040K [0x0000000086600000, 0x000000008cf00000, 0x00000000d7780000)
  object space 107520K, 24% used [0x0000000086600000,0x0000000087f6e3b8,0x000000008cf00000)
 Metaspace       used 59109K, capacity 63274K, committed 63488K, reserved 1103872K
  class space    used 8425K, capacity 9156K, committed 9216K, reserved 1048576K
GC Heap History (10 events):
Event: 11403.035 GC heap after
Heap after GC invocations=15 (full 3):
 PSYoungGen      total 559104K, used 1136K [0x00000000d7780000, 0x00000000fb080000, 0x0000000100000000)
  eden space 535552K, 0% used [0x00000000d7780000,0x00000000d7780000,0x00000000f8280000)
  from space 23552K, 4% used [0x00000000f9980000,0x00000000f9a9c040,0x00000000fb080000)
  to   space 23552K, 0% used [0x00000000f8280000,0x00000000f8280000,0x00000000f9980000)
 ParOldGen       total 107520K, used 31712K [0x0000000086600000, 0x000000008cf00000, 0x00000000d7780000)
  object space 107520K, 29% used [0x0000000086600000,0x00000000884f8180,0x000000008cf00000)
 Metaspace       used 58698K, capacity 62612K, committed 62848K, reserved 1103872K
  class space    used 8380K, capacity 9049K, committed 9088K, reserved 1048576K
}
Event: 11403.035 GC heap before
{Heap before GC invocations=16 (full 4):
 PSYoungGen      total 559104K, used 1136K [0x00000000d7780000, 0x00000000fb080000, 0x0000000100000000)
  eden space 535552K, 0% used [0x00000000d7780000,0x00000000d7780000,0x00000000f8280000)
  from space 23552K, 4% used [0x00000000f9980000,0x00000000f9a9c040,0x00000000fb080000)
  to   space 23552K, 0% used [0x00000000f8280000,0x00000000f8280000,0x00000000f9980000)
 ParOldGen       total 107520K, used 31712K [0x0000000086600000, 0x000000008cf00000, 0x00000000d7780000)
  object space 107520K, 29% used [0x0000000086600000,0x00000000884f8180,0x000000008cf00000)
 Metaspace       used 58698K, capacity 62612K, committed 62848K, reserved 1103872K
  class space    used 8380K, capacity 9049K, committed 9088K, reserved 1048576K
Event: 11403.255 GC heap after
Heap after GC invocations=16 (full 4):
 PSYoungGen      total 559104K, used 0K [0x00000000d7780000, 0x00000000fb080000, 0x0000000100000000)
  eden space 535552K, 0% used [0x00000000d7780000,0x00000000d7780000,0x00000000f8280000)
  from space 23552K, 0% used [0x00000000f9980000,0x00000000f9980000,0x00000000fb080000)
  to   space 23552K, 0% used [0x00000000f8280000,0x00000000f8280000,0x00000000f9980000)
 ParOldGen       total 107520K, used 20803K [0x0000000086600000, 0x000000008cf00000, 0x00000000d7780000)
  object space 107520K, 19% used [0x0000000086600000,0x0000000087a50de8,0x000000008cf00000)
 Metaspace       used 58357K, capacity 62060K, committed 62848K, reserved 1103872K
  class space    used 8326K, capacity 8951K, committed 9088K, reserved 1048576K
}
Event: 11502.564 GC heap before
{Heap before GC invocations=17 (full 4):
 PSYoungGen      total 559104K, used 218254K [0x00000000d7780000, 0x00000000fb080000, 0x0000000100000000)
  eden space 535552K, 40% used [0x00000000d7780000,0x00000000e4ca3aa8,0x00000000f8280000)
  from space 23552K, 0% used [0x00000000f9980000,0x00000000f9980000,0x00000000fb080000)
  to   space 23552K, 0% used [0x00000000f8280000,0x00000000f8280000,0x00000000f9980000)
 ParOldGen       total 107520K, used 20803K [0x0000000086600000, 0x000000008cf00000, 0x00000000d7780000)
  object space 107520K, 19% used [0x0000000086600000,0x0000000087a50de8,0x000000008cf00000)
 Metaspace       used 58828K, capacity 62922K, committed 63232K, reserved 1103872K
  class space    used 8392K, capacity 9109K, committed 9216K, reserved 1048576K
Event: 11502.585 GC heap after
Heap after GC invocations=17 (full 4):
 PSYoungGen      total 545280K, used 9322K [0x00000000d7780000, 0x00000000fae80000, 0x0000000100000000)
  eden space 535552K, 0% used [0x00000000d7780000,0x00000000d7780000,0x00000000f8280000)
  from space 9728K, 95% used [0x00000000f8280000,0x00000000f8b9a908,0x00000000f8c00000)
  to   space 22528K, 0% used [0x00000000f9880000,0x00000000f9880000,0x00000000fae80000)
 ParOldGen       total 107520K, used 20811K [0x0000000086600000, 0x000000008cf00000, 0x00000000d7780000)
  object space 107520K, 19% used [0x0000000086600000,0x0000000087a52de8,0x000000008cf00000)
 Metaspace       used 58828K, capacity 62922K, committed 63232K, reserved 1103872K
  class space    used 8392K, capacity 9109K, committed 9216K, reserved 1048576K
}
Event: 11502.585 GC heap before
{Heap before GC invocations=18 (full 5):
 PSYoungGen      total 545280K, used 9322K [0x00000000d7780000, 0x00000000fae80000, 0x0000000100000000)
  eden space 535552K, 0% used [0x00000000d7780000,0x00000000d7780000,0x00000000f8280000)
  from space 9728K, 95% used [0x00000000f8280000,0x00000000f8b9a908,0x00000000f8c00000)
  to   space 22528K, 0% used [0x00000000f9880000,0x00000000f9880000,0x00000000fae80000)
 ParOldGen       total 107520K, used 20811K [0x0000000086600000, 0x000000008cf00000, 0x00000000d7780000)
  object space 107520K, 19% used [0x0000000086600000,0x0000000087a52de8,0x000000008cf00000)
 Metaspace       used 58828K, capacity 62922K, committed 63232K, reserved 1103872K
  class space    used 8392K, capacity 9109K, committed 9216K, reserved 1048576K
Event: 11502.803 GC heap after
Heap after GC invocations=18 (full 5):
 PSYoungGen      total 545280K, used 0K [0x00000000d7780000, 0x00000000fae80000, 0x0000000100000000)
  eden space 535552K, 0% used [0x00000000d7780000,0x00000000d7780000,0x00000000f8280000)
  from space 9728K, 0% used [0x00000000f8280000,0x00000000f8280000,0x00000000f8c00000)
  to   space 22528K, 0% used [0x00000000f9880000,0x00000000f9880000,0x00000000fae80000)
 ParOldGen       total 107520K, used 26032K [0x0000000086600000, 0x000000008cf00000, 0x00000000d7780000)
  object space 107520K, 24% used [0x0000000086600000,0x0000000087f6c3b8,0x000000008cf00000)
 Metaspace       used 58797K, capacity 62838K, committed 63232K, reserved 1103872K
  class space    used 8385K, capacity 9095K, committed 9216K, reserved 1048576K
}
Event: 11546.743 GC heap before
{Heap before GC invocations=19 (full 5):
 PSYoungGen      total 545280K, used 248061K [0x00000000d7780000, 0x00000000fae80000, 0x0000000100000000)
  eden space 535552K, 46% used [0x00000000d7780000,0x00000000e69bf6a8,0x00000000f8280000)
  from space 9728K, 0% used [0x00000000f8280000,0x00000000f8280000,0x00000000f8c00000)
  to   space 22528K, 0% used [0x00000000f9880000,0x00000000f9880000,0x00000000fae80000)
 ParOldGen       total 107520K, used 26032K [0x0000000086600000, 0x000000008cf00000, 0x00000000d7780000)
  object space 107520K, 24% used [0x0000000086600000,0x0000000087f6c3b8,0x000000008cf00000)
 Metaspace       used 59109K, capacity 63274K, committed 63488K, reserved 1103872K
  class space    used 8425K, capacity 9156K, committed 9216K, reserved 1048576K
Event: 11546.758 GC heap after
Heap after GC invocations=19 (full 5):
 PSYoungGen      total 556032K, used 6135K [0x00000000d7780000, 0x00000000fac80000, 0x0000000100000000)
  eden space 535552K, 0% used [0x00000000d7780000,0x00000000d7780000,0x00000000f8280000)
  from space 20480K, 29% used [0x00000000f9880000,0x00000000f9e7dcc8,0x00000000fac80000)
  to   space 21504K, 0% used [0x00000000f8280000,0x00000000f8280000,0x00000000f9780000)
 ParOldGen       total 107520K, used 26040K [0x0000000086600000, 0x000000008cf00000, 0x00000000d7780000)
  object space 107520K, 24% used [0x0000000086600000,0x0000000087f6e3b8,0x000000008cf00000)
 Metaspace       used 59109K, capacity 63274K, committed 63488K, reserved 1103872K
  class space    used 8425K, capacity 9156K, committed 9216K, reserved 1048576K
}
Event: 11546.758 GC heap before
{Heap before GC invocations=20 (full 6):
 PSYoungGen      total 556032K, used 6135K [0x00000000d7780000, 0x00000000fac80000, 0x0000000100000000)
  eden space 535552K, 0% used [0x00000000d7780000,0x00000000d7780000,0x00000000f8280000)
  from space 20480K, 29% used [0x00000000f9880000,0x00000000f9e7dcc8,0x00000000fac80000)
  to   space 21504K, 0% used [0x00000000f8280000,0x00000000f8280000,0x00000000f9780000)
 ParOldGen       total 107520K, used 26040K [0x0000000086600000, 0x000000008cf00000, 0x00000000d7780000)
  object space 107520K, 24% used [0x0000000086600000,0x0000000087f6e3b8,0x000000008cf00000)
 Metaspace       used 59109K, capacity 63274K, committed 63488K, reserved 1103872K
  class space    used 8425K, capacity 9156K, committed 9216K, reserved 1048576K

