# JRE version: Java(TM) SE Runtime Environment (8.0_45-b14) (build 1.8.0_45-b14)
# Java VM: Java HotSpot(TM) 64-Bit Server VM (25.45-b02 mixed mode linux-amd64 compressed oops)
Heap:
 PSYoungGen      total 130048K, used 124928K [0x00000000d7780000, 0x00000000dfb80000, 0x0000000100000000)
  eden space 124928K, 100% used [0x00000000d7780000,0x00000000df180000,0x00000000df180000)
  from space 5120K, 0% used [0x00000000df680000,0x00000000df680000,0x00000000dfb80000)
  to   space 5120K, 64% used [0x00000000df180000,0x00000000df4bee58,0x00000000df680000)
 ParOldGen       total 52736K, used 7673K [0x0000000086600000, 0x0000000089980000, 0x00000000d7780000)
  object space 52736K, 14% used [0x0000000086600000,0x0000000086d7e6d0,0x0000000089980000)
 Metaspace       used 23318K, capacity 24329K, committed 24448K, reserved 1071104K
  class space    used 3170K, capacity 3414K, committed 3456K, reserved 1048576K
GC Heap History (10 events):
Event: 0.692 GC heap after
Heap after GC invocations=1 (full 0):
 PSYoungGen      total 36352K, used 4616K [0x00000000d7780000, 0x00000000dbe80000, 0x0000000100000000)
  eden space 31232K, 0% used [0x00000000d7780000,0x00000000d7780000,0x00000000d9600000)
  from space 5120K, 90% used [0x00000000d9600000,0x00000000d9a82230,0x00000000d9b00000)
  to   space 5120K, 0% used [0x00000000db980000,0x00000000db980000,0x00000000dbe80000)
 ParOldGen       total 83456K, used 16K [0x0000000086600000, 0x000000008b780000, 0x00000000d7780000)
  object space 83456K, 0% used [0x0000000086600000,0x0000000086604000,0x000000008b780000)
 Metaspace       used 10201K, capacity 10476K, committed 10624K, reserved 1058816K
  class space    used 1239K, capacity 1326K, committed 1408K, reserved 1048576K
}
Event: 0.709 GC heap before
{Heap before GC invocations=2 (full 0):
 PSYoungGen      total 36352K, used 35848K [0x00000000d7780000, 0x00000000dbe80000, 0x0000000100000000)
  eden space 31232K, 100% used [0x00000000d7780000,0x00000000d9600000,0x00000000d9600000)
  from space 5120K, 90% used [0x00000000d9600000,0x00000000d9a82230,0x00000000d9b00000)
  to   space 5120K, 0% used [0x00000000db980000,0x00000000db980000,0x00000000dbe80000)
 ParOldGen       total 83456K, used 16K [0x0000000086600000, 0x000000008b780000, 0x00000000d7780000)
  object space 83456K, 0% used [0x0000000086600000,0x0000000086604000,0x000000008b780000)
 Metaspace       used 10208K, capacity 10476K, committed 10624K, reserved 1058816K
  class space    used 1239K, capacity 1326K, committed 1408K, reserved 1048576K
Event: 0.714 GC heap after
Heap after GC invocations=2 (full 0):
 PSYoungGen      total 67584K, used 2592K [0x00000000d7780000, 0x00000000dbe80000, 0x0000000100000000)
  eden space 62464K, 0% used [0x00000000d7780000,0x00000000d7780000,0x00000000db480000)
  from space 5120K, 50% used [0x00000000db980000,0x00000000dbc08250,0x00000000dbe80000)
  to   space 5120K, 0% used [0x00000000db480000,0x00000000db480000,0x00000000db980000)
 ParOldGen       total 83456K, used 24K [0x0000000086600000, 0x000000008b780000, 0x00000000d7780000)
  object space 83456K, 0% used [0x0000000086600000,0x0000000086606000,0x000000008b780000)
 Metaspace       used 10208K, capacity 10476K, committed 10624K, reserved 1058816K
  class space    used 1239K, capacity 1326K, committed 1408K, reserved 1048576K
}
Event: 1.270 GC heap before
{Heap before GC invocations=3 (full 0):
 PSYoungGen      total 67584K, used 65056K [0x00000000d7780000, 0x00000000dbe80000, 0x0000000100000000)
  eden space 62464K, 100% used [0x00000000d7780000,0x00000000db480000,0x00000000db480000)
  from space 5120K, 50% used [0x00000000db980000,0x00000000dbc08250,0x00000000dbe80000)
  to   space 5120K, 0% used [0x00000000db480000,0x00000000db480000,0x00000000db980000)
 ParOldGen       total 83456K, used 24K [0x0000000086600000, 0x000000008b780000, 0x00000000d7780000)
  object space 83456K, 0% used [0x0000000086600000,0x0000000086606000,0x000000008b780000)
 Metaspace       used 17118K, capacity 17736K, committed 17920K, reserved 1064960K
  class space    used 2314K, capacity 2486K, committed 2560K, reserved 1048576K
Event: 1.286 GC heap after
Heap after GC invocations=3 (full 0):
 PSYoungGen      total 67584K, used 5090K [0x00000000d7780000, 0x00000000dfb80000, 0x0000000100000000)
  eden space 62464K, 0% used [0x00000000d7780000,0x00000000d7780000,0x00000000db480000)
  from space 5120K, 99% used [0x00000000db480000,0x00000000db978af8,0x00000000db980000)
  to   space 5120K, 0% used [0x00000000df680000,0x00000000df680000,0x00000000dfb80000)
 ParOldGen       total 83456K, used 4407K [0x0000000086600000, 0x000000008b780000, 0x00000000d7780000)
  object space 83456K, 5% used [0x0000000086600000,0x0000000086a4de40,0x000000008b780000)
 Metaspace       used 17118K, capacity 17736K, committed 17920K, reserved 1064960K
  class space    used 2314K, capacity 2486K, committed 2560K, reserved 1048576K
}
Event: 1.542 GC heap before
{Heap before GC invocations=4 (full 0):
 PSYoungGen      total 67584K, used 30625K [0x00000000d7780000, 0x00000000dfb80000, 0x0000000100000000)
  eden space 62464K, 40% used [0x00000000d7780000,0x00000000d906fc48,0x00000000db480000)
  from space 5120K, 99% used [0x00000000db480000,0x00000000db978af8,0x00000000db980000)
  to   space 5120K, 0% used [0x00000000df680000,0x00000000df680000,0x00000000dfb80000)
 ParOldGen       total 83456K, used 4407K [0x0000000086600000, 0x000000008b780000, 0x00000000d7780000)
  object space 83456K, 5% used [0x0000000086600000,0x0000000086a4de40,0x000000008b780000)
 Metaspace       used 20405K, capacity 21125K, committed 21296K, reserved 1067008K
  class space    used 2735K, capacity 2944K, committed 2944K, reserved 1048576K
Event: 1.561 GC heap after
Heap after GC invocations=4 (full 0):
 PSYoungGen      total 130048K, used 5090K [0x00000000d7780000, 0x00000000dfb80000, 0x0000000100000000)
  eden space 124928K, 0% used [0x00000000d7780000,0x00000000d7780000,0x00000000df180000)
  from space 5120K, 99% used [0x00000000df680000,0x00000000dfb78b38,0x00000000dfb80000)
  to   space 5120K, 0% used [0x00000000df180000,0x00000000df180000,0x00000000df680000)
 ParOldGen       total 83456K, used 7173K [0x0000000086600000, 0x000000008b780000, 0x00000000d7780000)
  object space 83456K, 8% used [0x0000000086600000,0x0000000086d01570,0x000000008b780000)
 Metaspace       used 20405K, capacity 21125K, committed 21296K, reserved 1067008K
  class space    used 2735K, capacity 2944K, committed 2944K, reserved 1048576K
}
Event: 1.561 GC heap before
{Heap before GC invocations=5 (full 1):
 PSYoungGen      total 130048K, used 5090K [0x00000000d7780000, 0x00000000dfb80000, 0x0000000100000000)
  eden space 124928K, 0% used [0x00000000d7780000,0x00000000d7780000,0x00000000df180000)
  from space 5120K, 99% used [0x00000000df680000,0x00000000dfb78b38,0x00000000dfb80000)
  to   space 5120K, 0% used [0x00000000df180000,0x00000000df180000,0x00000000df680000)
 ParOldGen       total 83456K, used 7173K [0x0000000086600000, 0x000000008b780000, 0x00000000d7780000)
  object space 83456K, 8% used [0x0000000086600000,0x0000000086d01570,0x000000008b780000)
 Metaspace       used 20405K, capacity 21125K, committed 21296K, reserved 1067008K
  class space    used 2735K, capacity 2944K, committed 2944K, reserved 1048576K
Event: 1.609 GC heap after
Heap after GC invocations=5 (full 1):
 PSYoungGen      total 130048K, used 0K [0x00000000d7780000, 0x00000000dfb80000, 0x0000000100000000)
  eden space 124928K, 0% used [0x00000000d7780000,0x00000000d7780000,0x00000000df180000)
  from space 5120K, 0% used [0x00000000df680000,0x00000000df680000,0x00000000dfb80000)
  to   space 5120K, 0% used [0x00000000df180000,0x00000000df180000,0x00000000df680000)
 ParOldGen       total 52736K, used 7665K [0x0000000086600000, 0x0000000089980000, 0x00000000d7780000)
  object space 52736K, 14% used [0x0000000086600000,0x0000000086d7c6d0,0x0000000089980000)
 Metaspace       used 20396K, capacity 21107K, committed 21296K, reserved 1067008K
  class space    used 2731K, capacity 2937K, committed 2944K, reserved 1048576K
}
Event: 2.581 GC heap before
{Heap before GC invocations=6 (full 1):
 PSYoungGen      total 130048K, used 124928K [0x00000000d7780000, 0x00000000dfb80000, 0x0000000100000000)
  eden space 124928K, 100% used [0x00000000d7780000,0x00000000df180000,0x00000000df180000)
  from space 5120K, 0% used [0x00000000df680000,0x00000000df680000,0x00000000dfb80000)
  to   space 5120K, 0% used [0x00000000df180000,0x00000000df180000,0x00000000df680000)
 ParOldGen       total 52736K, used 7665K [0x0000000086600000, 0x0000000089980000, 0x00000000d7780000)
  object space 52736K, 14% used [0x0000000086600000,0x0000000086d7c6d0,0x0000000089980000)
 Metaspace       used 23318K, capacity 24329K, committed 24448K, reserved 1071104K
  class space    used 3170K, capacity 3414K, committed 3456K, reserved 1048576K

