# JRE version: Java(TM) SE Runtime Environment (8.0_45-b14) (build 1.8.0_45-b14)
# Java VM: Java HotSpot(TM) 64-Bit Server VM (25.45-b02 mixed mode linux-amd64 compressed oops)
Heap:
 PSYoungGen      total 224768K, used 108371K [0x00000000d7780000, 0x00000000e6480000, 0x0000000100000000)
  eden space 212480K, 45% used [0x00000000d7780000,0x00000000dd583a58,0x00000000e4700000)
  from space 12288K, 98% used [0x00000000e5880000,0x00000000e6451330,0x00000000e6480000)
  to   space 14336K, 67% used [0x00000000e4880000,0x00000000e51e5e80,0x00000000e5680000)
 ParOldGen       total 51712K, used 11560K [0x0000000086600000, 0x0000000089880000, 0x00000000d7780000)
  object space 51712K, 22% used [0x0000000086600000,0x000000008714a250,0x0000000089880000)
 Metaspace       used 33513K, capacity 35428K, committed 35496K, reserved 1079296K
  class space    used 4425K, capacity 4762K, committed 4776K, reserved 1048576K
GC Heap History (10 events):
Event: 1.368 GC heap after
Heap after GC invocations=3 (full 0):
 PSYoungGen      total 67584K, used 5103K [0x00000000d7780000, 0x00000000dfb80000, 0x0000000100000000)
  eden space 62464K, 0% used [0x00000000d7780000,0x00000000d7780000,0x00000000db480000)
  from space 5120K, 99% used [0x00000000db480000,0x00000000db97bf10,0x00000000db980000)
  to   space 5120K, 0% used [0x00000000df680000,0x00000000df680000,0x00000000dfb80000)
 ParOldGen       total 83456K, used 4708K [0x0000000086600000, 0x000000008b780000, 0x00000000d7780000)
  object space 83456K, 5% used [0x0000000086600000,0x0000000086a993a0,0x000000008b780000)
 Metaspace       used 17132K, capacity 17744K, committed 17920K, reserved 1064960K
  class space    used 2319K, capacity 2482K, committed 2560K, reserved 1048576K
}
Event: 1.597 GC heap before
{Heap before GC invocations=4 (full 0):
 PSYoungGen      total 67584K, used 30043K [0x00000000d7780000, 0x00000000dfb80000, 0x0000000100000000)
  eden space 62464K, 39% used [0x00000000d7780000,0x00000000d8fdadb0,0x00000000db480000)
  from space 5120K, 99% used [0x00000000db480000,0x00000000db97bf10,0x00000000db980000)
  to   space 5120K, 0% used [0x00000000df680000,0x00000000df680000,0x00000000dfb80000)
 ParOldGen       total 83456K, used 4708K [0x0000000086600000, 0x000000008b780000, 0x00000000d7780000)
  object space 83456K, 5% used [0x0000000086600000,0x0000000086a993a0,0x000000008b780000)
 Metaspace       used 20434K, capacity 21260K, committed 21296K, reserved 1067008K
  class space    used 2743K, capacity 2942K, committed 2944K, reserved 1048576K
Event: 1.609 GC heap after
Heap after GC invocations=4 (full 0):
 PSYoungGen      total 130048K, used 5091K [0x00000000d7780000, 0x00000000dfb80000, 0x0000000100000000)
  eden space 124928K, 0% used [0x00000000d7780000,0x00000000d7780000,0x00000000df180000)
  from space 5120K, 99% used [0x00000000df680000,0x00000000dfb78e98,0x00000000dfb80000)
  to   space 5120K, 0% used [0x00000000df180000,0x00000000df180000,0x00000000df680000)
 ParOldGen       total 83456K, used 7721K [0x0000000086600000, 0x000000008b780000, 0x00000000d7780000)
  object space 83456K, 9% used [0x0000000086600000,0x0000000086d8a550,0x000000008b780000)
 Metaspace       used 20434K, capacity 21260K, committed 21296K, reserved 1067008K
  class space    used 2743K, capacity 2942K, committed 2944K, reserved 1048576K
}
Event: 1.610 GC heap before
{Heap before GC invocations=5 (full 1):
 PSYoungGen      total 130048K, used 5091K [0x00000000d7780000, 0x00000000dfb80000, 0x0000000100000000)
  eden space 124928K, 0% used [0x00000000d7780000,0x00000000d7780000,0x00000000df180000)
  from space 5120K, 99% used [0x00000000df680000,0x00000000dfb78e98,0x00000000dfb80000)
  to   space 5120K, 0% used [0x00000000df180000,0x00000000df180000,0x00000000df680000)
 ParOldGen       total 83456K, used 7721K [0x0000000086600000, 0x000000008b780000, 0x00000000d7780000)
  object space 83456K, 9% used [0x0000000086600000,0x0000000086d8a550,0x000000008b780000)
 Metaspace       used 20434K, capacity 21260K, committed 21296K, reserved 1067008K
  class space    used 2743K, capacity 2942K, committed 2944K, reserved 1048576K
Event: 1.651 GC heap after
Heap after GC invocations=5 (full 1):
 PSYoungGen      total 130048K, used 0K [0x00000000d7780000, 0x00000000dfb80000, 0x0000000100000000)
  eden space 124928K, 0% used [0x00000000d7780000,0x00000000d7780000,0x00000000df180000)
  from space 5120K, 0% used [0x00000000df680000,0x00000000df680000,0x00000000dfb80000)
  to   space 5120K, 0% used [0x00000000df180000,0x00000000df180000,0x00000000df680000)
 ParOldGen       total 51712K, used 7976K [0x0000000086600000, 0x0000000089880000, 0x00000000d7780000)
  object space 51712K, 15% used [0x0000000086600000,0x0000000086dca270,0x0000000089880000)
 Metaspace       used 20430K, capacity 21252K, committed 21296K, reserved 1067008K
  class space    used 2742K, capacity 2940K, committed 2944K, reserved 1048576K
}
Event: 2.528 GC heap before
{Heap before GC invocations=6 (full 1):
 PSYoungGen      total 130048K, used 124928K [0x00000000d7780000, 0x00000000dfb80000, 0x0000000100000000)
  eden space 124928K, 100% used [0x00000000d7780000,0x00000000df180000,0x00000000df180000)
  from space 5120K, 0% used [0x00000000df680000,0x00000000df680000,0x00000000dfb80000)
  to   space 5120K, 0% used [0x00000000df180000,0x00000000df180000,0x00000000df680000)
 ParOldGen       total 51712K, used 7976K [0x0000000086600000, 0x0000000089880000, 0x00000000d7780000)
  object space 51712K, 15% used [0x0000000086600000,0x0000000086dca270,0x0000000089880000)
 Metaspace       used 23577K, capacity 24688K, committed 24832K, reserved 1071104K
  class space    used 3217K, capacity 3473K, committed 3584K, reserved 1048576K
Event: 2.542 GC heap after
Heap after GC invocations=6 (full 1):
 PSYoungGen      total 130048K, used 5110K [0x00000000d7780000, 0x00000000e6480000, 0x0000000100000000)
  eden space 124928K, 0% used [0x00000000d7780000,0x00000000d7780000,0x00000000df180000)
  from space 5120K, 99% used [0x00000000df180000,0x00000000df67d9c0,0x00000000df680000)
  to   space 12288K, 0% used [0x00000000e5880000,0x00000000e5880000,0x00000000e6480000)
 ParOldGen       total 51712K, used 11544K [0x0000000086600000, 0x0000000089880000, 0x00000000d7780000)
  object space 51712K, 22% used [0x0000000086600000,0x0000000087146250,0x0000000089880000)
 Metaspace       used 23577K, capacity 24688K, committed 24832K, reserved 1071104K
  class space    used 3217K, capacity 3473K, committed 3584K, reserved 1048576K
}
Event: 3.716 GC heap before
{Heap before GC invocations=7 (full 1):
 PSYoungGen      total 130048K, used 130038K [0x00000000d7780000, 0x00000000e6480000, 0x0000000100000000)
  eden space 124928K, 100% used [0x00000000d7780000,0x00000000df180000,0x00000000df180000)
  from space 5120K, 99% used [0x00000000df180000,0x00000000df67d9c0,0x00000000df680000)
  to   space 12288K, 0% used [0x00000000e5880000,0x00000000e5880000,0x00000000e6480000)
 ParOldGen       total 51712K, used 11544K [0x0000000086600000, 0x0000000089880000, 0x00000000d7780000)
  object space 51712K, 22% used [0x0000000086600000,0x0000000087146250,0x0000000089880000)
 Metaspace       used 29188K, capacity 31002K, committed 31232K, reserved 1077248K
  class space    used 3998K, capacity 4333K, committed 4352K, reserved 1048576K
Event: 3.734 GC heap after
Heap after GC invocations=7 (full 1):
 PSYoungGen      total 224768K, used 12100K [0x00000000d7780000, 0x00000000e6480000, 0x0000000100000000)
  eden space 212480K, 0% used [0x00000000d7780000,0x00000000d7780000,0x00000000e4700000)
  from space 12288K, 98% used [0x00000000e5880000,0x00000000e6451330,0x00000000e6480000)
  to   space 14336K, 0% used [0x00000000e4880000,0x00000000e4880000,0x00000000e5680000)
 ParOldGen       total 51712K, used 11552K [0x0000000086600000, 0x0000000089880000, 0x00000000d7780000)
  object space 51712K, 22% used [0x0000000086600000,0x0000000087148250,0x0000000089880000)
 Metaspace       used 29188K, capacity 31002K, committed 31232K, reserved 1077248K
  class space    used 3998K, capacity 4333K, committed 4352K, reserved 1048576K
}
Event: 4.310 GC heap before
{Heap before GC invocations=8 (full 1):
 PSYoungGen      total 224768K, used 108371K [0x00000000d7780000, 0x00000000e6480000, 0x0000000100000000)
  eden space 212480K, 45% used [0x00000000d7780000,0x00000000dd583a58,0x00000000e4700000)
  from space 12288K, 98% used [0x00000000e5880000,0x00000000e6451330,0x00000000e6480000)
  to   space 14336K, 0% used [0x00000000e4880000,0x00000000e4880000,0x00000000e5680000)
 ParOldGen       total 51712K, used 11552K [0x0000000086600000, 0x0000000089880000, 0x00000000d7780000)
  object space 51712K, 22% used [0x0000000086600000,0x0000000087148250,0x0000000089880000)
 Metaspace       used 33513K, capacity 35428K, committed 35496K, reserved 1079296K
  class space    used 4425K, capacity 4762K, committed 4776K, reserved 1048576K

